
> ayurslim@0.1.0 build
> next build

node.exe : 
[baseline-browser-mapping] 
The data in this module is 
over two months old.  To 
ensure accurate Baseline 
data, please update: `npm 
i baseline-browser-mapping@
latest -D`
At line:1 char:1
+ & "C:\Program 
Files\nodejs/node.exe" "C:\
Users\nites\AppData\Roaming
\ ...
+ ~~~~~~~~~~~~~~~~~~~~~~~~~
~~~~~~~~~~~~~~~~~~~~~~~~~~~
~~~~~~~~~~~~~~~~~
    + CategoryInfo         
     : NotSpecified: 
([base    
line-brows...ping@lates    
t -D`:String) [], Remot    
eException
    + 
FullyQualifiedErrorId     
: NativeCommandError
 
 ΓÜá Warning: Next.js 
inferred your workspace 
root, but it may not be 
correct.
 We detected multiple 
lockfiles and selected the 
directory of C:\Users\nites
\package-lock.json as the 
root directory.
 To silence this warning, 
set `turbopack.root` in 
your Next.js config, or 
consider removing one of 
the lockfiles if it's not 
needed.
   See https://nextjs.org/d
ocs/app/api-reference/confi
g/next-config-js/turbopack#
root-directory for more 
information.
 Detected additional 
lockfiles: 
   * C:\Users\nites\Documen
ts\Projects\Clinet\himanshu
\ayurslim\package-lock.json

   Γû▓ Next.js 16.0.10 (Turbopack)
   - Environments: .env.local

   Creating an optimized production build ...
[baseline-browser-mapping] 
The data in this module is 
over two months old.  To 
ensure accurate Baseline 
data, please update: `npm 
i baseline-browser-mapping@
latest -D`
Turbopack build 
encountered 1 warnings:
[next]/internal/font/google
/inter_5901b7c6.module.css
Error while requesting 
resource
There was an issue 
establishing a connection 
while requesting https://fo
nts.googleapis.com/css2?fam
ily=Inter:wght@100..900&dis
play=swap

Import trace:
  Server Component:
    [next]/internal/font/go
ogle/inter_5901b7c6.module.
css
    [next]/internal/font/go
ogle/inter_5901b7c6.js
    ./Documents/Projects/Cl
inet/himanshu/ayurslim/app/
layout.tsx



> Build error occurred
Error: Turbopack build 
failed with 1 errors:
[next]/internal/font/google
/inter_5901b7c6.module.css
next/font: error:
Failed to fetch `Inter` 
from Google Fonts.

Import trace:
  Server Component:
    [next]/internal/font/go
ogle/inter_5901b7c6.module.
css
    [next]/internal/font/go
ogle/inter_5901b7c6.js
    ./Documents/Projects/Cl
inet/himanshu/ayurslim/app/
layout.tsx


    at ignore-listed frames
